c:\users\muham\source\repos\monkgame\monkgame\x64\debug\monkgame.pch
c:\users\muham\source\repos\monkgame\monkgame\x64\debug\vc143.pdb
c:\users\muham\source\repos\monkgame\monkgame\x64\debug\vc143.idb
c:\users\muham\source\repos\monkgame\monkgame\x64\debug\pch.obj
c:\users\muham\source\repos\monkgame\monkgame\x64\debug\treasureroom.obj
c:\users\muham\source\repos\monkgame\monkgame\x64\debug\roomgenerator.obj
c:\users\muham\source\repos\monkgame\monkgame\x64\debug\player.obj
c:\users\muham\source\repos\monkgame\monkgame\x64\debug\monsterroom.obj
c:\users\muham\source\repos\monkgame\monkgame\x64\debug\monster.obj
c:\users\muham\source\repos\monkgame\monkgame\x64\debug\monkgame.obj
c:\users\muham\source\repos\monkgame\monkgame\x64\debug\emptyroom.obj
c:\users\muham\source\repos\monkgame\x64\debug\monkgame.exe
c:\users\muham\source\repos\monkgame\monkgame\x64\debug\monkgame.ilk
c:\users\muham\source\repos\monkgame\x64\debug\monkgame.pdb
c:\users\muham\source\repos\monkgame\monkgame\x64\debug\battleobs.obj
c:\users\muham\source\repos\monkgame\monkgame\x64\debug\monkgame.tlog\cl.command.1.tlog
c:\users\muham\source\repos\monkgame\monkgame\x64\debug\monkgame.tlog\cl.items.tlog
c:\users\muham\source\repos\monkgame\monkgame\x64\debug\monkgame.tlog\cl.read.1.tlog
c:\users\muham\source\repos\monkgame\monkgame\x64\debug\monkgame.tlog\cl.write.1.tlog
c:\users\muham\source\repos\monkgame\monkgame\x64\debug\monkgame.tlog\link.command.1.tlog
c:\users\muham\source\repos\monkgame\monkgame\x64\debug\monkgame.tlog\link.read.1.tlog
c:\users\muham\source\repos\monkgame\monkgame\x64\debug\monkgame.tlog\link.write.1.tlog
